#
# There is insufficient memory for the Java Runtime Environment to continue.
# Native memory allocation (mmap) failed to map 117964800 bytes for committing reserved memory.
# Possible reasons:
#   The system is out of physical RAM or swap space
#   The process is running with CompressedOops enabled, and the Java Heap may be blocking the growth of the native heap
# Possible solutions:
#   Reduce memory load on the system
#   Increase physical memory or swap space
#   Check if swap backing store is full
#   Decrease Java heap size (-Xmx/-Xms)
#   Decrease number of Java threads
#   Decrease Java thread stack sizes (-Xss)
#   Set larger code cache with -XX:ReservedCodeCacheSize=
#   JVM is running with Unscaled Compressed Oops mode in which the Java heap is
#     placed in the first 4GB address space. The Java Heap base address is the
#     maximum limit for the native heap growth. Please use -XX:HeapBaseMinAddress
#     to set the Java Heap base and to place the Java Heap above 4GB virtual address.
# This output file may be truncated or incomplete.
#
#  Out of Memory Error (os_linux.cpp:2757), pid=20975, tid=0x00007f75c2cf4700
#
# JRE version: OpenJDK Runtime Environment (8.0_242-b08) (build 1.8.0_242-8u242-b08-0ubuntu3~18.04-b08)
# Java VM: OpenJDK 64-Bit Server VM (25.242-b08 mixed mode linux-amd64 compressed oops)
# Failed to write core dump. Core dumps have been disabled. To enable core dumping, try "ulimit -c unlimited" before starting Java again
#

---------------  T H R E A D  ---------------

Current thread (0x00007f75e807c800):  VMThread [stack: 0x00007f75c2bf5000,0x00007f75c2cf5000] [id=20986]

Stack: [0x00007f75c2bf5000,0x00007f75c2cf5000],  sp=0x00007f75c2cf3470,  free space=1017k
Native frames: (J=compiled Java code, j=interpreted, Vv=VM code, C=native code)
V  [libjvm.so+0xabba52]
V  [libjvm.so+0x4de2e7]
V  [libjvm.so+0x8f59f0]
V  [libjvm.so+0x8ecabe]
V  [libjvm.so+0x970456]
V  [libjvm.so+0x9717c8]
V  [libjvm.so+0x96ddc6]
V  [libjvm.so+0x96e15c]
V  [libjvm.so+0x91cc28]
V  [libjvm.so+0xabd792]
V  [libjvm.so+0xac2336]
V  [libjvm.so+0xac0635]
V  [libjvm.so+0xac0f0d]
V  [libjvm.so+0xac1318]
V  [libjvm.so+0x8f2d82]

VM_Operation (0x00007f75efe5bfb0): ParallelGCFailedAllocation, mode: safepoint, requested by thread 0x00007f75e800e800


---------------  P R O C E S S  ---------------

Java Threads: ( => current thread )
  0x00007f75e8abb800 JavaThread "container-0" [_thread_blocked, id=21018, stack(0x00007f757b2fb000,0x00007f757b3fc000)]
  0x00007f7564015000 JavaThread "Catalina-utility-2" [_thread_blocked, id=21017, stack(0x00007f757b3fc000,0x00007f757b4fd000)]
  0x00007f75e8ab9000 JavaThread "Catalina-utility-1" [_thread_blocked, id=21016, stack(0x00007f757bafd000,0x00007f757bbfe000)]
  0x00007f756c001800 JavaThread "JMX server connection timeout 21" daemon [_thread_blocked, id=21013, stack(0x00007f757bbfe000,0x00007f757bcff000)]
  0x00007f7598004000 JavaThread "RMI TCP Connection(3)-127.0.0.1" daemon [_thread_in_native, id=21012, stack(0x00007f757bcff000,0x00007f757be00000)]
  0x00007f7590299000 JavaThread "JMX server connection timeout 19" daemon [_thread_blocked, id=21008, stack(0x00007f75c00fd000,0x00007f75c01fe000)]
  0x00007f7598003000 JavaThread "RMI TCP Connection(2)-127.0.0.1" daemon [_thread_in_native, id=21007, stack(0x00007f75c0c02000,0x00007f75c0d03000)]
  0x00007f758800e800 JavaThread "JMX server connection timeout 17" daemon [_thread_blocked, id=21004, stack(0x00007f75c01fe000,0x00007f75c02ff000)]
  0x00007f758800b000 JavaThread "RMI Scheduler(0)" daemon [_thread_blocked, id=21003, stack(0x00007f75c02ff000,0x00007f75c0400000)]
  0x00007f7598001800 JavaThread "RMI TCP Connection(1)-127.0.0.1" daemon [_thread_in_native, id=21002, stack(0x00007f75c0400000,0x00007f75c0501000)]
  0x00007f75ac001000 JavaThread "Attach Listener" daemon [_thread_blocked, id=20999, stack(0x00007f75c0701000,0x00007f75c0802000)]
  0x00007f75e84a4000 JavaThread "RMI TCP Accept-0" daemon [_thread_in_native, id=20996, stack(0x00007f75c1004000,0x00007f75c1105000)]
  0x00007f75e8486800 JavaThread "RMI TCP Accept-45065" daemon [_thread_in_native, id=20995, stack(0x00007f75c1105000,0x00007f75c1206000)]
  0x00007f75e8473800 JavaThread "RMI TCP Accept-0" daemon [_thread_in_native, id=20994, stack(0x00007f75c1206000,0x00007f75c1307000)]
  0x00007f75e80ce000 JavaThread "Service Thread" daemon [_thread_blocked, id=20993, stack(0x00007f75c1b1e000,0x00007f75c1c1f000)]
  0x00007f75e80c1000 JavaThread "C1 CompilerThread2" daemon [_thread_blocked, id=20992, stack(0x00007f75c1c20000,0x00007f75c1d20000)]
  0x00007f75e80bf000 JavaThread "C2 CompilerThread1" daemon [_thread_blocked, id=20991, stack(0x00007f75c1d21000,0x00007f75c1e21000)]
  0x00007f75e80bc800 JavaThread "C2 CompilerThread0" daemon [_thread_blocked, id=20990, stack(0x00007f75c1e22000,0x00007f75c1f22000)]
  0x00007f75e80b8800 JavaThread "Signal Dispatcher" daemon [_thread_blocked, id=20989, stack(0x00007f75c1f22000,0x00007f75c2023000)]
  0x00007f75e808a800 JavaThread "Finalizer" daemon [_thread_blocked, id=20988, stack(0x00007f75c29f2000,0x00007f75c2af3000)]
  0x00007f75e8086000 JavaThread "Reference Handler" daemon [_thread_blocked, id=20987, stack(0x00007f75c2af3000,0x00007f75c2bf4000)]
  0x00007f75e800e800 JavaThread "main" [_thread_blocked, id=20981, stack(0x00007f75efd60000,0x00007f75efe60000)]

Other Threads:
=>0x00007f75e807c800 VMThread [stack: 0x00007f75c2bf5000,0x00007f75c2cf5000] [id=20986]
  0x00007f75e84a6800 WatcherThread [stack: 0x00007f75c0f04000,0x00007f75c1004000] [id=20997]

VM state:at safepoint (normal execution)

VM Mutex/Monitor currently owned by a thread:  ([mutex/lock_event])
[0x00007f75e800b150] Threads_lock - owner thread: 0x00007f75e807c800
[0x00007f75e800b650] Heap_lock - owner thread: 0x00007f75e800e800

heap address: 0x0000000085400000, size: 1964 MB, Compressed Oops mode: 32-bit
Narrow klass base: 0x0000000000000000, Narrow klass shift: 3
Compressed class space size: 1073741824 Address: 0x0000000100000000

Heap:
 PSYoungGen      total 132096K, used 5108K [0x00000000d7180000, 0x00000000df780000, 0x0000000100000000)
  eden space 126976K, 0% used [0x00000000d7180000,0x00000000d7180000,0x00000000ded80000)
  from space 5120K, 99% used [0x00000000ded80000,0x00000000df27d020,0x00000000df280000)
  to   space 5120K, 0% used [0x00000000df280000,0x00000000df280000,0x00000000df780000)
 ParOldGen       total 52224K, used 16760K [0x0000000085400000, 0x0000000088700000, 0x00000000d7180000)
  object space 52224K, 32% used [0x0000000085400000,0x000000008645e2e0,0x0000000088700000)
 Metaspace       used 30151K, capacity 31818K, committed 32128K, reserved 1077248K
  class space    used 4026K, capacity 4365K, committed 4480K, reserved 1048576K

Card table byte_map: [0x00007f75d8c29000,0x00007f75d9000000] byte_map_base: 0x00007f75d87ff000

Marking Bits: (ParMarkBitMap*) 0x00007f75eeff53e0
 Begin Bits: [0x00007f75d02a0000, 0x00007f75d2150000)
 End Bits:   [0x00007f75d2150000, 0x00007f75d4000000)

Polling page: 0x00007f75efe76000

CodeCache: size=245760Kb used=6325Kb max_used=6325Kb free=239434Kb
 bounds [0x00007f75d9000000, 0x00007f75d9630000, 0x00007f75e8000000]
 total_blobs=3570 nmethods=3154 adapters=330
 compilation: enabled

Compilation events (10 events):
Event: 4.130 Thread 0x00007f75e80c1000 3148       1       org.springframework.core.OrderComparator::findOrder (24 bytes)
Event: 4.131 Thread 0x00007f75e80c1000 nmethod 3148 0x00007f75d962b550 code [0x00007f75d962b6e0, 0x00007f75d962b988]
Event: 4.131 Thread 0x00007f75e80c1000 3151       1       org.springframework.boot.autoconfigure.condition.ConditionEvaluationReport$$Lambda$440/1681993012::accept (20 bytes)
Event: 4.131 Thread 0x00007f75e80c1000 nmethod 3151 0x00007f75d962bad0 code [0x00007f75d962bc40, 0x00007f75d962bde8]
Event: 4.131 Thread 0x00007f75e80c1000 3152       1       org.springframework.boot.autoconfigure.condition.ConditionEvaluationReport::lambda$addNoMatchOutcomeToAncestors$1 (54 bytes)
Event: 4.131 Thread 0x00007f75e80c1000 nmethod 3152 0x00007f75d962bed0 code [0x00007f75d962c0c0, 0x00007f75d962c6f8]
Event: 4.147 Thread 0x00007f75e80c1000 3153       1       org.springframework.boot.autoconfigure.condition.ConditionEvaluationReport$ConditionAndOutcome::getOutcome (5 bytes)
Event: 4.147 Thread 0x00007f75e80c1000 nmethod 3153 0x00007f75d962cbd0 code [0x00007f75d962cd20, 0x00007f75d962ce30]
Event: 4.148 Thread 0x00007f75e80c1000 3154       1       java.util.TreeMap::forEach (58 bytes)
Event: 4.148 Thread 0x00007f75e80c1000 nmethod 3154 0x00007f75d962ce90 code [0x00007f75d962d040, 0x00007f75d962d318]

GC Heap History (10 events):
Event: 1.005 GC heap after
Heap after GC invocations=1 (full 0):
 PSYoungGen      total 36864K, used 5091K [0x00000000d7180000, 0x00000000db980000, 0x0000000100000000)
  eden space 31744K, 0% used [0x00000000d7180000,0x00000000d7180000,0x00000000d9080000)
  from space 5120K, 99% used [0x00000000d9080000,0x00000000d9578c08,0x00000000d9580000)
  to   space 5120K, 0% used [0x00000000db480000,0x00000000db480000,0x00000000db980000)
 ParOldGen       total 84992K, used 223K [0x0000000085400000, 0x000000008a700000, 0x00000000d7180000)
  object space 84992K, 0% used [0x0000000085400000,0x0000000085437c40,0x000000008a700000)
 Metaspace       used 12195K, capacity 12498K, committed 12672K, reserved 1060864K
  class space    used 1454K, capacity 1563K, committed 1664K, reserved 1048576K
}
Event: 1.286 GC heap before
{Heap before GC invocations=2 (full 0):
 PSYoungGen      total 36864K, used 36835K [0x00000000d7180000, 0x00000000db980000, 0x0000000100000000)
  eden space 31744K, 100% used [0x00000000d7180000,0x00000000d9080000,0x00000000d9080000)
  from space 5120K, 99% used [0x00000000d9080000,0x00000000d9578c08,0x00000000d9580000)
  to   space 5120K, 0% used [0x00000000db480000,0x00000000db480000,0x00000000db980000)
 ParOldGen       total 84992K, used 223K [0x0000000085400000, 0x000000008a700000, 0x00000000d7180000)
  object space 84992K, 0% used [0x0000000085400000,0x0000000085437c40,0x000000008a700000)
 Metaspace       used 14907K, capacity 15394K, committed 15488K, reserved 1062912K
  class space    used 1965K, capacity 2095K, committed 2176K, reserved 1048576K
Event: 1.295 GC heap after
Heap after GC invocations=2 (full 0):
 PSYoungGen      total 68608K, used 5093K [0x00000000d7180000, 0x00000000db980000, 0x0000000100000000)
  eden space 63488K, 0% used [0x00000000d7180000,0x00000000d7180000,0x00000000daf80000)
  from space 5120K, 99% used [0x00000000db480000,0x00000000db979708,0x00000000db980000)
  to   space 5120K, 0% used [0x00000000daf80000,0x00000000daf80000,0x00000000db480000)
 ParOldGen       total 84992K, used 951K [0x0000000085400000, 0x000000008a700000, 0x00000000d7180000)
  object space 84992K, 1% used [0x0000000085400000,0x00000000854edf50,0x000000008a700000)
 Metaspace       used 14907K, capacity 15394K, committed 15488K, reserved 1062912K
  class space    used 1965K, capacity 2095K, committed 2176K, reserved 1048576K
}
Event: 1.824 GC heap before
{Heap before GC invocations=3 (full 0):
 PSYoungGen      total 68608K, used 68581K [0x00000000d7180000, 0x00000000db980000, 0x0000000100000000)
  eden space 63488K, 100% used [0x00000000d7180000,0x00000000daf80000,0x00000000daf80000)
  from space 5120K, 99% used [0x00000000db480000,0x00000000db979708,0x00000000db980000)
  to   space 5120K, 0% used [0x00000000daf80000,0x00000000daf80000,0x00000000db480000)
 ParOldGen       total 84992K, used 951K [0x0000000085400000, 0x000000008a700000, 0x00000000d7180000)
  object space 84992K, 1% used [0x0000000085400000,0x00000000854edf50,0x000000008a700000)
 Metaspace       used 20191K, capacity 20870K, committed 20992K, reserved 1067008K
  class space    used 2646K, capacity 2813K, committed 2816K, reserved 1048576K
Event: 1.893 GC heap after
Heap after GC invocations=3 (full 0):
 PSYoungGen      total 68608K, used 5088K [0x00000000d7180000, 0x00000000df780000, 0x0000000100000000)
  eden space 63488K, 0% used [0x00000000d7180000,0x00000000d7180000,0x00000000daf80000)
  from space 5120K, 99% used [0x00000000daf80000,0x00000000db478020,0x00000000db480000)
  to   space 5120K, 0% used [0x00000000df280000,0x00000000df280000,0x00000000df780000)
 ParOldGen       total 84992K, used 7272K [0x0000000085400000, 0x000000008a700000, 0x00000000d7180000)
  object space 84992K, 8% used [0x0000000085400000,0x0000000085b1a168,0x000000008a700000)
 Metaspace       used 20191K, capacity 20870K, committed 20992K, reserved 1067008K
  class space    used 2646K, capacity 2813K, committed 2816K, reserved 1048576K
}
Event: 1.986 GC heap before
{Heap before GC invocations=4 (full 0):
 PSYoungGen      total 68608K, used 19228K [0x00000000d7180000, 0x00000000df780000, 0x0000000100000000)
  eden space 63488K, 22% used [0x00000000d7180000,0x00000000d7f4f1c8,0x00000000daf80000)
  from space 5120K, 99% used [0x00000000daf80000,0x00000000db478020,0x00000000db480000)
  to   space 5120K, 0% used [0x00000000df280000,0x00000000df280000,0x00000000df780000)
 ParOldGen       total 84992K, used 7272K [0x0000000085400000, 0x000000008a700000, 0x00000000d7180000)
  object space 84992K, 8% used [0x0000000085400000,0x0000000085b1a168,0x000000008a700000)
 Metaspace       used 20537K, capacity 21266K, committed 21296K, reserved 1067008K
  class space    used 2689K, capacity 2917K, committed 2944K, reserved 1048576K
Event: 1.993 GC heap after
Heap after GC invocations=4 (full 0):
 PSYoungGen      total 132096K, used 5101K [0x00000000d7180000, 0x00000000df780000, 0x0000000100000000)
  eden space 126976K, 0% used [0x00000000d7180000,0x00000000d7180000,0x00000000ded80000)
  from space 5120K, 99% used [0x00000000df280000,0x00000000df77b490,0x00000000df780000)
  to   space 5120K, 0% used [0x00000000ded80000,0x00000000ded80000,0x00000000df280000)
 ParOldGen       total 84992K, used 8150K [0x0000000085400000, 0x000000008a700000, 0x00000000d7180000)
  object space 84992K, 9% used [0x0000000085400000,0x0000000085bf5840,0x000000008a700000)
 Metaspace       used 20537K, capacity 21266K, committed 21296K, reserved 1067008K
  class space    used 2689K, capacity 2917K, committed 2944K, reserved 1048576K
}
Event: 1.993 GC heap before
{Heap before GC invocations=5 (full 1):
 PSYoungGen      total 132096K, used 5101K [0x00000000d7180000, 0x00000000df780000, 0x0000000100000000)
  eden space 126976K, 0% used [0x00000000d7180000,0x00000000d7180000,0x00000000ded80000)
  from space 5120K, 99% used [0x00000000df280000,0x00000000df77b490,0x00000000df780000)
  to   space 5120K, 0% used [0x00000000ded80000,0x00000000ded80000,0x00000000df280000)
 ParOldGen       total 84992K, used 8150K [0x0000000085400000, 0x000000008a700000, 0x00000000d7180000)
  object space 84992K, 9% used [0x0000000085400000,0x0000000085bf5840,0x000000008a700000)
 Metaspace       used 20537K, capacity 21266K, committed 21296K, reserved 1067008K
  class space    used 2689K, capacity 2917K, committed 2944K, reserved 1048576K
Event: 2.029 GC heap after
Heap after GC invocations=5 (full 1):
 PSYoungGen      total 132096K, used 0K [0x00000000d7180000, 0x00000000df780000, 0x0000000100000000)
  eden space 126976K, 0% used [0x00000000d7180000,0x00000000d7180000,0x00000000ded80000)
  from space 5120K, 0% used [0x00000000df280000,0x00000000df280000,0x00000000df780000)
  to   space 5120K, 0% used [0x00000000ded80000,0x00000000ded80000,0x00000000df280000)
 ParOldGen       total 52224K, used 6408K [0x0000000085400000, 0x0000000088700000, 0x00000000d7180000)
  object space 52224K, 12% used [0x0000000085400000,0x0000000085a423f0,0x0000000088700000)
 Metaspace       used 20536K, capacity 21260K, committed 21296K, reserved 1067008K
  class space    used 2689K, capacity 2916K, committed 2944K, reserved 1048576K
}
Event: 4.265 GC heap before
{Heap before GC invocations=6 (full 1):
 PSYoungGen      total 132096K, used 126976K [0x00000000d7180000, 0x00000000df780000, 0x0000000100000000)
  eden space 126976K, 100% used [0x00000000d7180000,0x00000000ded80000,0x00000000ded80000)
  from space 5120K, 0% used [0x00000000df280000,0x00000000df280000,0x00000000df780000)
  to   space 5120K, 0% used [0x00000000ded80000,0x00000000ded80000,0x00000000df280000)
 ParOldGen       total 52224K, used 6408K [0x0000000085400000, 0x0000000088700000, 0x00000000d7180000)
  object space 52224K, 12% used [0x0000000085400000,0x0000000085a423f0,0x0000000088700000)
 Metaspace       used 30151K, capacity 31818K, committed 32128K, reserved 1077248K
  class space    used 4026K, capacity 4365K, committed 4480K, reserved 1048576K

Deoptimization events (0 events):
No events

Classes redefined (0 events):
No events

Internal exceptions (10 events):
Event: 3.681 Thread 0x00007f75e800e800 Exception <a 'java/lang/ArrayIndexOutOfBoundsException'> (0x00000000de18b670) thrown at [/build/openjdk-8-58sEEn/openjdk-8-8u242-b08/src/hotspot/src/share/vm/runtime/sharedRuntime.cpp, line 605]
Event: 3.682 Thread 0x00007f75e800e800 Exception <a 'java/lang/ArrayIndexOutOfBoundsException'> (0x00000000de18d6f8) thrown at [/build/openjdk-8-58sEEn/openjdk-8-8u242-b08/src/hotspot/src/share/vm/runtime/sharedRuntime.cpp, line 605]
Event: 3.682 Thread 0x00007f75e800e800 Exception <a 'java/lang/ArrayIndexOutOfBoundsException'> (0x00000000de18f4e0) thrown at [/build/openjdk-8-58sEEn/openjdk-8-8u242-b08/src/hotspot/src/share/vm/runtime/sharedRuntime.cpp, line 605]
Event: 3.724 Thread 0x00007f75e800e800 Exception <a 'java/lang/ArrayIndexOutOfBoundsException'> (0x00000000de3f86f0) thrown at [/build/openjdk-8-58sEEn/openjdk-8-8u242-b08/src/hotspot/src/share/vm/runtime/sharedRuntime.cpp, line 605]
Event: 3.724 Thread 0x00007f75e800e800 Exception <a 'java/lang/ArrayIndexOutOfBoundsException'> (0x00000000de4018c0) thrown at [/build/openjdk-8-58sEEn/openjdk-8-8u242-b08/src/hotspot/src/share/vm/runtime/sharedRuntime.cpp, line 605]
Event: 3.755 Thread 0x00007f75e800e800 Exception <a 'java/lang/IncompatibleClassChangeError': Found class java.lang.Object, but interface was expected> (0x00000000de6433b0) thrown at [/build/openjdk-8-58sEEn/openjdk-8-8u242-b08/src/hotspot/src/share/vm/interpreter/linkResolver.cpp, line 653]
Event: 4.037 Thread 0x00007f75e800e800 Exception <a 'java/lang/ArrayIndexOutOfBoundsException'> (0x00000000de8fca48) thrown at [/build/openjdk-8-58sEEn/openjdk-8-8u242-b08/src/hotspot/src/share/vm/runtime/sharedRuntime.cpp, line 605]
Event: 4.245 Thread 0x00007f75e800e800 Exception <a 'java/lang/ArrayIndexOutOfBoundsException'> (0x00000000ded63a60) thrown at [/build/openjdk-8-58sEEn/openjdk-8-8u242-b08/src/hotspot/src/share/vm/runtime/sharedRuntime.cpp, line 605]
Event: 4.245 Thread 0x00007f75e800e800 Exception <a 'java/lang/ArrayIndexOutOfBoundsException'> (0x00000000ded64988) thrown at [/build/openjdk-8-58sEEn/openjdk-8-8u242-b08/src/hotspot/src/share/vm/runtime/sharedRuntime.cpp, line 605]
Event: 4.245 Thread 0x00007f75e800e800 Exception <a 'java/lang/ArrayIndexOutOfBoundsException'> (0x00000000ded65f68) thrown at [/build/openjdk-8-58sEEn/openjdk-8-8u242-b08/src/hotspot/src/share/vm/runtime/sharedRuntime.cpp, line 605]

Events (10 events):
Event: 4.240 loading class com/fasterxml/classmate/types/TypePlaceHolder done
Event: 4.241 loading class springfox/documentation/schema/WildcardType
Event: 4.241 loading class springfox/documentation/schema/WildcardType done
Event: 4.245 loading class springfox/documentation/spring/web/paths/RelativePathProvider
Event: 4.245 loading class springfox/documentation/spring/web/paths/RelativePathProvider done
Event: 4.246 loading class springfox/documentation/spring/web/paths/AbstractPathProvider
Event: 4.246 loading class springfox/documentation/spring/web/paths/AbstractPathProvider done
Event: 4.254 loading class springfox/documentation/spring/web/SpringGroupingStrategy
Event: 4.254 loading class springfox/documentation/spring/web/SpringGroupingStrategy done
Event: 4.259 Executing VM operation: ParallelGCFailedAllocation


Dynamic libraries:
85400000-88700000 rw-p 00000000 00:00 0 
88700000-d7180000 ---p 00000000 00:00 0 
d7180000-df780000 rw-p 00000000 00:00 0 
e6800000-100000000 ---p 00000000 00:00 0 
100000000-100460000 rw-p 00000000 00:00 0 
100460000-140000000 ---p 00000000 00:00 0 
55f5b70f3000-55f5b70f4000 r-xp 00000000 08:05 1062787                    /usr/lib/jvm/java-8-openjdk-amd64/jre/bin/java
55f5b72f3000-55f5b72f4000 r--p 00000000 08:05 1062787                    /usr/lib/jvm/java-8-openjdk-amd64/jre/bin/java
55f5b72f4000-55f5b72f5000 rw-p 00001000 08:05 1062787                    /usr/lib/jvm/java-8-openjdk-amd64/jre/bin/java
55f5b8715000-55f5b8736000 rw-p 00000000 00:00 0                          [heap]
7f755c000000-7f755c021000 rw-p 00000000 00:00 0 
7f755c021000-7f7560000000 ---p 00000000 00:00 0 
7f7564000000-7f7564021000 rw-p 00000000 00:00 0 
7f7564021000-7f7568000000 ---p 00000000 00:00 0 
7f7568000000-7f7568021000 rw-p 00000000 00:00 0 
7f7568021000-7f756c000000 ---p 00000000 00:00 0 
7f756c000000-7f756c021000 rw-p 00000000 00:00 0 
7f756c021000-7f7570000000 ---p 00000000 00:00 0 
7f7570000000-7f7570021000 rw-p 00000000 00:00 0 
7f7570021000-7f7574000000 ---p 00000000 00:00 0 
7f7574000000-7f7574021000 rw-p 00000000 00:00 0 
7f7574021000-7f7578000000 ---p 00000000 00:00 0 
7f757aefb000-7f757affb000 rw-p 00000000 00:00 0 
7f757affb000-7f757b0fb000 ---p 00000000 00:00 0 
7f757b0fb000-7f757b2fb000 rw-p 00000000 00:00 0 
7f757b2fb000-7f757b2fe000 ---p 00000000 00:00 0 
7f757b2fe000-7f757b3fc000 rw-p 00000000 00:00 0 
7f757b3fc000-7f757b3ff000 ---p 00000000 00:00 0 
7f757b3ff000-7f757b6fd000 rw-p 00000000 00:00 0 
7f757b6fd000-7f757b8fd000 rw-p 00000000 00:00 0 
7f757b8fd000-7f757bafd000 rw-p 00000000 00:00 0 
7f757bafd000-7f757bb00000 ---p 00000000 00:00 0 
7f757bb00000-7f757bbfe000 rw-p 00000000 00:00 0 
7f757bbfe000-7f757bc01000 ---p 00000000 00:00 0 
7f757bc01000-7f757bcff000 rw-p 00000000 00:00 0 
7f757bcff000-7f757bd02000 ---p 00000000 00:00 0 
7f757bd02000-7f757c000000 rw-p 00000000 00:00 0 
7f757c000000-7f757c021000 rw-p 00000000 00:00 0 
7f757c021000-7f7580000000 ---p 00000000 00:00 0 
7f7580000000-7f7580021000 rw-p 00000000 00:00 0 
7f7580021000-7f7584000000 ---p 00000000 00:00 0 
7f7584000000-7f7584021000 rw-p 00000000 00:00 0 
7f7584021000-7f7588000000 ---p 00000000 00:00 0 
7f7588000000-7f7588021000 rw-p 00000000 00:00 0 
7f7588021000-7f758c000000 ---p 00000000 00:00 0 
7f758c000000-7f758c021000 rw-p 00000000 00:00 0 
7f758c021000-7f7590000000 ---p 00000000 00:00 0 
7f7590000000-7f759029c000 rw-p 00000000 00:00 0 
7f759029c000-7f7594000000 ---p 00000000 00:00 0 
7f7594000000-7f7594021000 rw-p 00000000 00:00 0 
7f7594021000-7f7598000000 ---p 00000000 00:00 0 
7f7598000000-7f7598021000 rw-p 00000000 00:00 0 
7f7598021000-7f759c000000 ---p 00000000 00:00 0 
7f759c000000-7f759c021000 rw-p 00000000 00:00 0 
7f759c021000-7f75a0000000 ---p 00000000 00:00 0 
7f75a0000000-7f75a0021000 rw-p 00000000 00:00 0 
7f75a0021000-7f75a4000000 ---p 00000000 00:00 0 
7f75a4000000-7f75a4021000 rw-p 00000000 00:00 0 
7f75a4021000-7f75a8000000 ---p 00000000 00:00 0 
7f75a8000000-7f75a865b000 rw-p 00000000 00:00 0 
7f75a865b000-7f75ac000000 ---p 00000000 00:00 0 
7f75ac000000-7f75ac021000 rw-p 00000000 00:00 0 
7f75ac021000-7f75b0000000 ---p 00000000 00:00 0 
7f75b0000000-7f75b004e000 rw-p 00000000 00:00 0 
7f75b004e000-7f75b4000000 ---p 00000000 00:00 0 
7f75b4000000-7f75b4021000 rw-p 00000000 00:00 0 
7f75b4021000-7f75b8000000 ---p 00000000 00:00 0 
7f75b8000000-7f75b8021000 rw-p 00000000 00:00 0 
7f75b8021000-7f75bc000000 ---p 00000000 00:00 0 
7f75bc000000-7f75bc021000 rw-p 00000000 00:00 0 
7f75bc021000-7f75c0000000 ---p 00000000 00:00 0 
7f75c00fd000-7f75c0100000 ---p 00000000 00:00 0 
7f75c0100000-7f75c01fe000 rw-p 00000000 00:00 0 
7f75c01fe000-7f75c0201000 ---p 00000000 00:00 0 
7f75c0201000-7f75c02ff000 rw-p 00000000 00:00 0 
7f75c02ff000-7f75c0302000 ---p 00000000 00:00 0 
7f75c0302000-7f75c0400000 rw-p 00000000 00:00 0 
7f75c0400000-7f75c0403000 ---p 00000000 00:00 0 
7f75c0403000-7f75c0701000 rw-p 00000000 00:00 0 
7f75c0701000-7f75c0704000 ---p 00000000 00:00 0 
7f75c0704000-7f75c0a02000 rw-p 00000000 00:00 0 
7f75c0a02000-7f75c0c02000 rw-p 00000000 00:00 0 
7f75c0c02000-7f75c0c05000 ---p 00000000 00:00 0 
7f75c0c05000-7f75c0f03000 rw-p 00000000 00:00 0 
7f75c0f03000-7f75c0f04000 ---p 00000000 00:00 0 
7f75c0f04000-7f75c1004000 rw-p 00000000 00:00 0 
7f75c1004000-7f75c1007000 ---p 00000000 00:00 0 
7f75c1007000-7f75c1105000 rw-p 00000000 00:00 0 
7f75c1105000-7f75c1108000 ---p 00000000 00:00 0 
7f75c1108000-7f75c1206000 rw-p 00000000 00:00 0 
7f75c1206000-7f75c1209000 ---p 00000000 00:00 0 
7f75c1209000-7f75c1307000 rw-p 00000000 00:00 0 
7f75c1307000-7f75c130c000 r--s 000a3000 08:05 1062889                    /usr/lib/jvm/java-8-openjdk-amd64/jre/lib/jsse.jar
7f75c130c000-7f75c130f000 r--s 0004a000 08:05 1342770                    /home/ibm-nht-wave2/.m2/repository/io/springfox/springfox-swagger-ui/2.4.0/springfox-swagger-ui-2.4.0.jar
7f75c130f000-7f75c1311000 r--s 00000000 08:05 1342779                    /home/ibm-nht-wave2/.m2/repository/org/springframework/plugin/spring-plugin-metadata/1.2.0.RELEASE/spring-plugin-metadata-1.2.0.RELEASE.jar
7f75c1311000-7f75c1312000 r--s 00004000 08:05 1342775                    /home/ibm-nht-wave2/.m2/repository/org/springframework/plugin/spring-plugin-core/1.2.0.RELEASE/spring-plugin-core-1.2.0.RELEASE.jar
7f75c1312000-7f75c1314000 r--s 00009000 08:05 1340744                    /home/ibm-nht-wave2/.m2/repository/org/slf4j/slf4j-api/1.7.30/slf4j-api-1.7.30.jar
7f75c1314000-7f75c1316000 r--s 0000f000 08:05 2497477                    /home/ibm-nht-wave2/.m2/repository/com/fasterxml/classmate/1.5.1/classmate-1.5.1.jar
7f75c1316000-7f75c1341000 r--s 001fc000 08:05 1342773                    /home/ibm-nht-wave2/.m2/repository/com/google/guava/guava/18.0/guava-18.0.jar
7f75c1341000-7f75c1346000 r--s 0001f000 08:05 1342774                    /home/ibm-nht-wave2/.m2/repository/io/springfox/springfox-spring-web/2.4.0/springfox-spring-web-2.4.0.jar
7f75c1346000-7f75c1349000 r--s 00012000 08:05 1342758                    /home/ibm-nht-wave2/.m2/repository/io/springfox/springfox-swagger-common/2.4.0/springfox-swagger-common-2.4.0.jar
7f75c1349000-7f75c134b000 r--s 0000f000 08:05 1342767                    /home/ibm-nht-wave2/.m2/repository/io/springfox/springfox-schema/2.4.0/springfox-schema-2.4.0.jar
7f75c134b000-7f75c134f000 r--s 00013000 08:05 1342768                    /home/ibm-nht-wave2/.m2/repository/io/springfox/springfox-core/2.4.0/springfox-core-2.4.0.jar
7f75c134f000-7f75c1352000 r--s 00009000 08:05 1342763                    /home/ibm-nht-wave2/.m2/repository/io/springfox/springfox-spi/2.4.0/springfox-spi-2.4.0.jar
7f75c1352000-7f75c1355000 r--s 0000e000 08:05 2908217                    /home/ibm-nht-wave2/.m2/repository/com/fasterxml/jackson/core/jackson-annotations/2.10.2/jackson-annotations-2.10.2.jar
7f75c1355000-7f75c1359000 r--s 0001e000 08:05 1342764                    /home/ibm-nht-wave2/.m2/repository/io/swagger/swagger-models/1.5.6/swagger-models-1.5.6.jar
7f75c1359000-7f75c135a000 r--s 00003000 08:05 1342761                    /home/ibm-nht-wave2/.m2/repository/io/swagger/swagger-annotations/1.5.6/swagger-annotations-1.5.6.jar
7f75c135a000-7f75c135d000 r--s 0000c000 08:05 1342729                    /home/ibm-nht-wave2/.m2/repository/io/springfox/springfox-swagger2/2.4.0/springfox-swagger2-2.4.0.jar
7f75c135d000-7f75c135e000 r--s 00005000 08:05 1318282                    /home/ibm-nht-wave2/.m2/repository/org/springframework/spring-jcl/5.2.3.RELEASE/spring-jcl-5.2.3.RELEASE.jar
7f75c135e000-7f75c1379000 r--s 00144000 08:05 1318280                    /home/ibm-nht-wave2/.m2/repository/org/springframework/spring-core/5.2.3.RELEASE/spring-core-5.2.3.RELEASE.jar
7f75c1379000-7f75c137e000 r--s 00040000 08:05 1318319                    /home/ibm-nht-wave2/.m2/repository/org/springframework/spring-expression/5.2.3.RELEASE/spring-expression-5.2.3.RELEASE.jar
7f75c137e000-7f75c139a000 r--s 0010f000 08:05 1318313                    /home/ibm-nht-wave2/.m2/repository/org/springframework/spring-context/5.2.3.RELEASE/spring-context-5.2.3.RELEASE.jar
7f75c139a000-7f75c13a3000 r--s 00052000 08:05 1318315                    /home/ibm-nht-wave2/.m2/repository/org/springframework/spring-aop/5.2.3.RELEASE/spring-aop-5.2.3.RELEASE.jar
7f75c13a3000-7f75c13b6000 r--s 000d5000 08:05 1336186                    /home/ibm-nht-wave2/.m2/repository/org/springframework/spring-webmvc/5.2.3.RELEASE/spring-webmvc-5.2.3.RELEASE.jar
7f75c13b6000-7f75c13c3000 r--s 0009b000 08:05 1318317                    /home/ibm-nht-wave2/.m2/repository/org/springframework/spring-beans/5.2.3.RELEASE/spring-beans-5.2.3.RELEASE.jar
7f75c13c3000-7f75c13df000 r--s 00141000 08:05 1336188                    /home/ibm-nht-wave2/.m2/repository/org/springframework/spring-web/5.2.3.RELEASE/spring-web-5.2.3.RELEASE.jar
7f75c13df000-7f75c13e1000 r--s 0000d000 08:05 2908283                    /home/ibm-nht-wave2/.m2/repository/org/jboss/logging/jboss-logging/3.4.1.Final/jboss-logging-3.4.1.Final.jar
7f75c13e1000-7f75c13fe000 r--s 000fe000 08:05 2647072                    /home/ibm-nht-wave2/.m2/repository/org/hibernate/validator/hibernate-validator/6.0.18.Final/hibernate-validator-6.0.18.Final.jar
7f75c13fe000-7f75c1403000 r--s 00012000 08:05 2908281                    /home/ibm-nht-wave2/.m2/repository/jakarta/validation/jakarta.validation-api/2.0.2/jakarta.validation-api-2.0.2.jar
7f75c1403000-7f75c1404000 r--s 00000000 08:05 1340736                    /home/ibm-nht-wave2/.m2/repository/org/springframework/boot/spring-boot-starter-validation/2.2.4.RELEASE/spring-boot-starter-validation-2.2.4.RELEASE.jar
7f75c1404000-7f75c1409000 r--s 0003c000 08:05 1340734                    /home/ibm-nht-wave2/.m2/repository/org/apache/tomcat/embed/tomcat-embed-websocket/9.0.30/tomcat-embed-websocket-9.0.30.jar
7f75c1409000-7f75c140e000 r--s 0003a000 08:05 1340732                    /home/ibm-nht-wave2/.m2/repository/org/apache/tomcat/embed/tomcat-embed-el/9.0.30/tomcat-embed-el-9.0.30.jar
7f75c140e000-7f75c1438000 r--s 00301000 08:05 1340730                    /home/ibm-nht-wave2/.m2/repository/org/apache/tomcat/embed/tomcat-embed-core/9.0.30/tomcat-embed-core-9.0.30.jar
7f75c1438000-7f75c1439000 r--s 00000000 08:05 1340728                    /home/ibm-nht-wave2/.m2/repository/org/springframework/boot/spring-boot-starter-tomcat/2.2.4.RELEASE/spring-boot-starter-tomcat-2.2.4.RELEASE.jar
7f75c1439000-7f75c143e000 r--s 00051000 08:05 2908219                    /home/ibm-nht-wave2/.m2/repository/com/fasterxml/jackson/core/jackson-core/2.10.2/jackson-core-2.10.2.jar
7f75c143e000-7f75c1453000 r--s 00142000 08:05 2908215                    /home/ibm-nht-wave2/.m2/repository/com/fasterxml/jackson/core/jackson-databind/2.10.2/jackson-databind-2.10.2.jar
7f75c1453000-7f75c145a000 r--s 00044000 08:05 2908213                    /home/ibm-nht-wave2/.m2/repository/org/yaml/snakeyaml/1.25/snakeyaml-1.25.jar
7f75c145a000-7f75c1482000 r--s 0012c000 08:05 1340702                    /home/ibm-nht-wave2/.m2/repository/org/springframework/boot/spring-boot-autoconfigure/2.2.4.RELEASE/spring-boot-autoconfigure-2.2.4.RELEASE.jar
7f75c1482000-7f75c149d000 r--s 001d6000 08:05 1062871                    /usr/lib/jvm/java-8-openjdk-amd64/jre/lib/ext/nashorn.jar
7f75c149d000-7f75c14b8000 r--s 00394000 08:05 1062866                    /usr/lib/jvm/java-8-openjdk-amd64/jre/lib/ext/cldrdata.jar
7f75c14b8000-7f75c14c9000 r-xp 00000000 08:05 1062835                    /usr/lib/jvm/java-8-openjdk-amd64/jre/lib/amd64/libnio.so
7f75c14c9000-7f75c16c9000 ---p 00011000 08:05 1062835                    /usr/lib/jvm/java-8-openjdk-amd64/jre/lib/amd64/libnio.so
7f75c16c9000-7f75c16ca000 r--p 00011000 08:05 1062835                    /usr/lib/jvm/java-8-openjdk-amd64/jre/lib/amd64/libnio.so
7f75c16ca000-7f75c16cb000 rw-p 00012000 08:05 1062835                    /usr/lib/jvm/java-8-openjdk-amd64/jre/lib/amd64/libnio.so
7f75c16cb000-7f75c16fc000 rw-p 00000000 00:00 0 
7f75c16fc000-7f75c1713000 r-xp 00000000 08:05 1062834                    /usr/lib/jvm/java-8-openjdk-amd64/jre/lib/amd64/libnet.so
7f75c1713000-7f75c1912000 ---p 00017000 08:05 1062834                    /usr/lib/jvm/java-8-openjdk-amd64/jre/lib/amd64/libnet.so
7f75c1912000-7f75c1913000 r--p 00016000 08:05 1062834                    /usr/lib/jvm/java-8-openjdk-amd64/jre/lib/amd64/libnet.so
7f75c1913000-7f75c1914000 rw-p 00017000 08:05 1062834                    /usr/lib/jvm/java-8-openjdk-amd64/jre/lib/amd64/libnet.so
7f75c1914000-7f75c191d000 r-xp 00000000 08:05 1062832                    /usr/lib/jvm/java-8-openjdk-amd64/jre/lib/amd64/libmanagement.so
7f75c191d000-7f75c1b1c000 ---p 00009000 08:05 1062832                    /usr/lib/jvm/java-8-openjdk-amd64/jre/lib/amd64/libmanagement.so
7f75c1b1c000-7f75c1b1d000 r--p 00008000 08:05 1062832                    /usr/lib/jvm/java-8-openjdk-amd64/jre/lib/amd64/libmanagement.so
7f75c1b1d000-7f75c1b1e000 rw-p 00009000 08:05 1062832                    /usr/lib/jvm/java-8-openjdk-amd64/jre/lib/amd64/libmanagement.so
7f75c1b1e000-7f75c1b21000 ---p 00000000 00:00 0 
7f75c1b21000-7f75c1c1f000 rw-p 00000000 00:00 0 
7f75c1c1f000-7f75c1c20000 ---p 00000000 00:00 0 
7f75c1c20000-7f75c1c23000 ---p 00000000 00:00 0 
7f75c1c23000-7f75c1d20000 rw-p 00000000 00:00 0 
7f75c1d20000-7f75c1d21000 ---p 00000000 00:00 0 
7f75c1d21000-7f75c1d24000 ---p 00000000 00:00 0 
7f75c1d24000-7f75c1e21000 rw-p 00000000 00:00 0 
7f75c1e21000-7f75c1e22000 ---p 00000000 00:00 0 
7f75c1e22000-7f75c1e25000 ---p 00000000 00:00 0 
7f75c1e25000-7f75c1f22000 rw-p 00000000 00:00 0 
7f75c1f22000-7f75c1f25000 ---p 00000000 00:00 0 
7f75c1f25000-7f75c2023000 rw-p 00000000 00:00 0 
7f75c2023000-7f75c29f2000 r--p 00000000 08:05 1055429                    /usr/lib/locale/locale-archive
7f75c29f2000-7f75c29f5000 ---p 00000000 00:00 0 
7f75c29f5000-7f75c2af3000 rw-p 00000000 00:00 0 
7f75c2af3000-7f75c2af6000 ---p 00000000 00:00 0 
7f75c2af6000-7f75c2bf4000 rw-p 00000000 00:00 0 
7f75c2bf4000-7f75c2bf5000 ---p 00000000 00:00 0 
7f75c2bf5000-7f75c4000000 rw-p 00000000 00:00 0 
7f75c4000000-7f75c4021000 rw-p 00000000 00:00 0 
7f75c4021000-7f75c8000000 ---p 00000000 00:00 0 
7f75c8000000-7f75c8021000 rw-p 00000000 00:00 0 
7f75c8021000-7f75cc000000 ---p 00000000 00:00 0 
7f75cc000000-7f75cc021000 rw-p 00000000 00:00 0 
7f75cc021000-7f75d0000000 ---p 00000000 00:00 0 
7f75d0000000-7f75d0003000 r--s 00017000 08:05 2908244                    /home/ibm-nht-wave2/.m2/repository/com/fasterxml/jackson/datatype/jackson-datatype-jsr310/2.10.2/jackson-datatype-jsr310-2.10.2.jar
7f75d0003000-7f75d001a000 r--s 000e8000 08:05 1340685                    /home/ibm-nht-wave2/.m2/repository/org/springframework/boot/spring-boot/2.2.4.RELEASE/spring-boot-2.2.4.RELEASE.jar
7f75d001a000-7f75d4000000 rw-p 00000000 00:00 0 
7f75d4000000-7f75d4021000 rw-p 00000000 00:00 0 
7f75d4021000-7f75d8000000 ---p 00000000 00:00 0 
7f75d8000000-7f75d8002000 r--s 00001000 08:05 2908279                    /home/ibm-nht-wave2/.m2/repository/com/fasterxml/jackson/module/jackson-module-parameter-names/2.10.2/jackson-module-parameter-names-2.10.2.jar
7f75d8002000-7f75d8004000 r--s 00007000 08:05 2908221                    /home/ibm-nht-wave2/.m2/repository/com/fasterxml/jackson/datatype/jackson-datatype-jdk8/2.10.2/jackson-datatype-jdk8-2.10.2.jar
7f75d8004000-7f75d8005000 r--s 00000000 08:05 1340726                    /home/ibm-nht-wave2/.m2/repository/org/springframework/boot/spring-boot-starter-json/2.2.4.RELEASE/spring-boot-starter-json-2.2.4.RELEASE.jar
7f75d8005000-7f75d8007000 r--s 00005000 08:05 2908207                    /home/ibm-nht-wave2/.m2/repository/jakarta/annotation/jakarta.annotation-api/1.3.5/jakarta.annotation-api-1.3.5.jar
7f75d8007000-7f75d8209000 rw-p 00000000 00:00 0 
7f75d8209000-7f75d83d9000 r--s 03c68000 08:05 1062894                    /usr/lib/jvm/java-8-openjdk-amd64/jre/lib/rt.jar
7f75d83d9000-7f75d8825000 rw-p 00000000 00:00 0 
7f75d8825000-7f75d8826000 ---p 00000000 00:00 0 
7f75d8826000-7f75d8926000 rw-p 00000000 00:00 0 
7f75d8926000-7f75d8927000 ---p 00000000 00:00 0 
7f75d8927000-7f75d8a27000 rw-p 00000000 00:00 0 
7f75d8a27000-7f75d8a28000 ---p 00000000 00:00 0 
7f75d8a28000-7f75d8b28000 rw-p 00000000 00:00 0 
7f75d8b28000-7f75d8b29000 ---p 00000000 00:00 0 
7f75d8b29000-7f75d8c43000 rw-p 00000000 00:00 0 
7f75d8c43000-7f75d8eb7000 ---p 00000000 00:00 0 
7f75d8eb7000-7f75d8efb000 rw-p 00000000 00:00 0 
7f75d8efb000-7f75d8fff000 ---p 00000000 00:00 0 
7f75d8fff000-7f75d9000000 rw-p 00000000 00:00 0 
7f75d9000000-7f75d9630000 rwxp 00000000 00:00 0 
7f75d9630000-7f75e8000000 ---p 00000000 00:00 0 
7f75e8000000-7f75e8c25000 rw-p 00000000 00:00 0 
7f75e8c25000-7f75ec000000 ---p 00000000 00:00 0 
7f75ec000000-7f75ec002000 r--s 00000000 08:05 1340713                    /home/ibm-nht-wave2/.m2/repository/org/slf4j/jul-to-slf4j/1.7.30/jul-to-slf4j-1.7.30.jar
7f75ec002000-7f75ec008000 r--s 0003e000 08:05 1340722                    /home/ibm-nht-wave2/.m2/repository/org/apache/logging/log4j/log4j-api/2.12.1/log4j-api-2.12.1.jar
7f75ec008000-7f75ec00a000 r--s 00003000 08:05 1340693                    /home/ibm-nht-wave2/.m2/repository/org/apache/logging/log4j/log4j-to-slf4j/2.12.1/log4j-to-slf4j-2.12.1.jar
7f75ec00a000-7f75ec015000 r--s 00069000 08:05 2647057                    /home/ibm-nht-wave2/.m2/repository/ch/qos/logback/logback-core/1.2.3/logback-core-1.2.3.jar
7f75ec015000-7f75ec07d000 rw-p 00000000 00:00 0 
7f75ec07d000-7f75ec2f2000 ---p 00000000 00:00 0 
7f75ec2f2000-7f75ec30b000 rw-p 00000000 00:00 0 
7f75ec30b000-7f75ec6b2000 ---p 00000000 00:00 0 
7f75ec6b2000-7f75ec6ba000 r-xp 00000000 08:05 1062847                    /usr/lib/jvm/java-8-openjdk-amd64/jre/lib/amd64/libzip.so
7f75ec6ba000-7f75ec8b9000 ---p 00008000 08:05 1062847                    /usr/lib/jvm/java-8-openjdk-amd64/jre/lib/amd64/libzip.so
7f75ec8b9000-7f75ec8ba000 r--p 00007000 08:05 1062847                    /usr/lib/jvm/java-8-openjdk-amd64/jre/lib/amd64/libzip.so
7f75ec8ba000-7f75ec8bb000 rw-p 00008000 08:05 1062847                    /usr/lib/jvm/java-8-openjdk-amd64/jre/lib/amd64/libzip.so
7f75ec8bb000-7f75ec8c6000 r-xp 00000000 08:05 4199233                    /lib/x86_64-linux-gnu/libnss_files-2.27.so
7f75ec8c6000-7f75ecac5000 ---p 0000b000 08:05 4199233                    /lib/x86_64-linux-gnu/libnss_files-2.27.so
7f75ecac5000-7f75ecac6000 r--p 0000a000 08:05 4199233                    /lib/x86_64-linux-gnu/libnss_files-2.27.so
7f75ecac6000-7f75ecac7000 rw-p 0000b000 08:05 4199233                    /lib/x86_64-linux-gnu/libnss_files-2.27.so
7f75ecac7000-7f75ecacd000 rw-p 00000000 00:00 0 
7f75ecacd000-7f75ecae4000 r-xp 00000000 08:05 4199227                    /lib/x86_64-linux-gnu/libnsl-2.27.so
7f75ecae4000-7f75ecce3000 ---p 00017000 08:05 4199227                    /lib/x86_64-linux-gnu/libnsl-2.27.so
7f75ecce3000-7f75ecce4000 r--p 00016000 08:05 4199227                    /lib/x86_64-linux-gnu/libnsl-2.27.so
7f75ecce4000-7f75ecce5000 rw-p 00017000 08:05 4199227                    /lib/x86_64-linux-gnu/libnsl-2.27.so
7f75ecce5000-7f75ecce7000 rw-p 00000000 00:00 0 
7f75ecce7000-7f75eccf2000 r-xp 00000000 08:05 4199244                    /lib/x86_64-linux-gnu/libnss_nis-2.27.so
7f75eccf2000-7f75ecef1000 ---p 0000b000 08:05 4199244                    /lib/x86_64-linux-gnu/libnss_nis-2.27.so
7f75ecef1000-7f75ecef2000 r--p 0000a000 08:05 4199244                    /lib/x86_64-linux-gnu/libnss_nis-2.27.so
7f75ecef2000-7f75ecef3000 rw-p 0000b000 08:05 4199244                    /lib/x86_64-linux-gnu/libnss_nis-2.27.so
7f75ecef3000-7f75ecefb000 r-xp 00000000 08:05 4199229                    /lib/x86_64-linux-gnu/libnss_compat-2.27.so
7f75ecefb000-7f75ed0fb000 ---p 00008000 08:05 4199229                    /lib/x86_64-linux-gnu/libnss_compat-2.27.so
7f75ed0fb000-7f75ed0fc000 r--p 00008000 08:05 4199229                    /lib/x86_64-linux-gnu/libnss_compat-2.27.so
7f75ed0fc000-7f75ed0fd000 rw-p 00009000 08:05 4199229                    /lib/x86_64-linux-gnu/libnss_compat-2.27.so
7f75ed0fd000-7f75ed127000 r-xp 00000000 08:05 1062816                    /usr/lib/jvm/java-8-openjdk-amd64/jre/lib/amd64/libjava.so
7f75ed127000-7f75ed326000 ---p 0002a000 08:05 1062816                    /usr/lib/jvm/java-8-openjdk-amd64/jre/lib/amd64/libjava.so
7f75ed326000-7f75ed327000 r--p 00029000 08:05 1062816                    /usr/lib/jvm/java-8-openjdk-amd64/jre/lib/amd64/libjava.so
7f75ed327000-7f75ed329000 rw-p 0002a000 08:05 1062816                    /usr/lib/jvm/java-8-openjdk-amd64/jre/lib/amd64/libjava.so
7f75ed329000-7f75ed339000 r-xp 00000000 08:05 1062845                    /usr/lib/jvm/java-8-openjdk-amd64/jre/lib/amd64/libverify.so
7f75ed339000-7f75ed538000 ---p 00010000 08:05 1062845                    /usr/lib/jvm/java-8-openjdk-amd64/jre/lib/amd64/libverify.so
7f75ed538000-7f75ed53a000 r--p 0000f000 08:05 1062845                    /usr/lib/jvm/java-8-openjdk-amd64/jre/lib/amd64/libverify.so
7f75ed53a000-7f75ed53b000 rw-p 00011000 08:05 1062845                    /usr/lib/jvm/java-8-openjdk-amd64/jre/lib/amd64/libverify.so
7f75ed53b000-7f75ed542000 r-xp 00000000 08:05 4199284                    /lib/x86_64-linux-gnu/librt-2.27.so
7f75ed542000-7f75ed741000 ---p 00007000 08:05 4199284                    /lib/x86_64-linux-gnu/librt-2.27.so
7f75ed741000-7f75ed742000 r--p 00006000 08:05 4199284                    /lib/x86_64-linux-gnu/librt-2.27.so
7f75ed742000-7f75ed743000 rw-p 00007000 08:05 4199284                    /lib/x86_64-linux-gnu/librt-2.27.so
7f75ed743000-7f75ed75a000 r-xp 00000000 08:05 4194310                    /lib/x86_64-linux-gnu/libgcc_s.so.1
7f75ed75a000-7f75ed959000 ---p 00017000 08:05 4194310                    /lib/x86_64-linux-gnu/libgcc_s.so.1
7f75ed959000-7f75ed95a000 r--p 00016000 08:05 4194310                    /lib/x86_64-linux-gnu/libgcc_s.so.1
7f75ed95a000-7f75ed95b000 rw-p 00017000 08:05 4194310                    /lib/x86_64-linux-gnu/libgcc_s.so.1
7f75ed95b000-7f75edaf8000 r-xp 00000000 08:05 4199206                    /lib/x86_64-linux-gnu/libm-2.27.so
7f75edaf8000-7f75edcf7000 ---p 0019d000 08:05 4199206                    /lib/x86_64-linux-gnu/libm-2.27.so
7f75edcf7000-7f75edcf8000 r--p 0019c000 08:05 4199206                    /lib/x86_64-linux-gnu/libm-2.27.so
7f75edcf8000-7f75edcf9000 rw-p 0019d000 08:05 4199206                    /lib/x86_64-linux-gnu/libm-2.27.so
7f75edcf9000-7f75ede72000 r-xp 00000000 08:05 1051271                    /usr/lib/x86_64-linux-gnu/libstdc++.so.6.0.25
7f75ede72000-7f75ee072000 ---p 00179000 08:05 1051271                    /usr/lib/x86_64-linux-gnu/libstdc++.so.6.0.25
7f75ee072000-7f75ee07c000 r--p 00179000 08:05 1051271                    /usr/lib/x86_64-linux-gnu/libstdc++.so.6.0.25
7f75ee07c000-7f75ee07e000 rw-p 00183000 08:05 1051271                    /usr/lib/x86_64-linux-gnu/libstdc++.so.6.0.25
7f75ee07e000-7f75ee082000 rw-p 00000000 00:00 0 
7f75ee082000-7f75eed25000 r-xp 00000000 08:05 1062851                    /usr/lib/jvm/java-8-openjdk-amd64/jre/lib/amd64/server/libjvm.so
7f75eed25000-7f75eef25000 ---p 00ca3000 08:05 1062851                    /usr/lib/jvm/java-8-openjdk-amd64/jre/lib/amd64/server/libjvm.so
7f75eef25000-7f75eefb9000 r--p 00ca3000 08:05 1062851                    /usr/lib/jvm/java-8-openjdk-amd64/jre/lib/amd64/server/libjvm.so
7f75eefb9000-7f75eefe2000 rw-p 00d37000 08:05 1062851                    /usr/lib/jvm/java-8-openjdk-amd64/jre/lib/amd64/server/libjvm.so
7f75eefe2000-7f75ef012000 rw-p 00000000 00:00 0 
7f75ef012000-7f75ef02c000 r-xp 00000000 08:05 4199276                    /lib/x86_64-linux-gnu/libpthread-2.27.so
7f75ef02c000-7f75ef22b000 ---p 0001a000 08:05 4199276                    /lib/x86_64-linux-gnu/libpthread-2.27.so
7f75ef22b000-7f75ef22c000 r--p 00019000 08:05 4199276                    /lib/x86_64-linux-gnu/libpthread-2.27.so
7f75ef22c000-7f75ef22d000 rw-p 0001a000 08:05 4199276                    /lib/x86_64-linux-gnu/libpthread-2.27.so
7f75ef22d000-7f75ef231000 rw-p 00000000 00:00 0 
7f75ef231000-7f75ef234000 r-xp 00000000 08:05 4199166                    /lib/x86_64-linux-gnu/libdl-2.27.so
7f75ef234000-7f75ef433000 ---p 00003000 08:05 4199166                    /lib/x86_64-linux-gnu/libdl-2.27.so
7f75ef433000-7f75ef434000 r--p 00002000 08:05 4199166                    /lib/x86_64-linux-gnu/libdl-2.27.so
7f75ef434000-7f75ef435000 rw-p 00003000 08:05 4199166                    /lib/x86_64-linux-gnu/libdl-2.27.so
7f75ef435000-7f75ef451000 r-xp 00000000 08:05 4199315                    /lib/x86_64-linux-gnu/libz.so.1.2.11
7f75ef451000-7f75ef650000 ---p 0001c000 08:05 4199315                    /lib/x86_64-linux-gnu/libz.so.1.2.11
7f75ef650000-7f75ef651000 r--p 0001b000 08:05 4199315                    /lib/x86_64-linux-gnu/libz.so.1.2.11
7f75ef651000-7f75ef652000 rw-p 0001c000 08:05 4199315                    /lib/x86_64-linux-gnu/libz.so.1.2.11
7f75ef652000-7f75ef839000 r-xp 00000000 08:05 4199143                    /lib/x86_64-linux-gnu/libc-2.27.so
7f75ef839000-7f75efa39000 ---p 001e7000 08:05 4199143                    /lib/x86_64-linux-gnu/libc-2.27.so
7f75efa39000-7f75efa3d000 r--p 001e7000 08:05 4199143                    /lib/x86_64-linux-gnu/libc-2.27.so
7f75efa3d000-7f75efa3f000 rw-p 001eb000 08:05 4199143                    /lib/x86_64-linux-gnu/libc-2.27.so
7f75efa3f000-7f75efa43000 rw-p 00000000 00:00 0 
7f75efa43000-7f75efa51000 r-xp 00000000 08:05 1062797                    /usr/lib/jvm/java-8-openjdk-amd64/jre/lib/amd64/jli/libjli.so
7f75efa51000-7f75efc50000 ---p 0000e000 08:05 1062797                    /usr/lib/jvm/java-8-openjdk-amd64/jre/lib/amd64/jli/libjli.so
7f75efc50000-7f75efc51000 r--p 0000d000 08:05 1062797                    /usr/lib/jvm/java-8-openjdk-amd64/jre/lib/amd64/jli/libjli.so
7f75efc51000-7f75efc52000 rw-p 0000e000 08:05 1062797                    /usr/lib/jvm/java-8-openjdk-amd64/jre/lib/amd64/jli/libjli.so
7f75efc52000-7f75efc79000 r-xp 00000000 08:05 4199115                    /lib/x86_64-linux-gnu/ld-2.27.so
7f75efc79000-7f75efc7f000 r--s 00041000 08:05 2271563                    /home/ibm-nht-wave2/.m2/repository/ch/qos/logback/logback-classic/1.2.3/logback-classic-1.2.3.jar
7f75efc7f000-7f75efc80000 r--s 00000000 08:05 1340708                    /home/ibm-nht-wave2/.m2/repository/org/springframework/boot/spring-boot-starter-logging/2.2.4.RELEASE/spring-boot-starter-logging-2.2.4.RELEASE.jar
7f75efc80000-7f75efc81000 r--s 00000000 08:05 1340679                    /home/ibm-nht-wave2/.m2/repository/org/springframework/boot/spring-boot-starter/2.2.4.RELEASE/spring-boot-starter-2.2.4.RELEASE.jar
7f75efc81000-7f75efc82000 r--s 00000000 08:05 1340677                    /home/ibm-nht-wave2/.m2/repository/org/springframework/boot/spring-boot-starter-web/2.2.4.RELEASE/spring-boot-starter-web-2.2.4.RELEASE.jar
7f75efc82000-7f75efc84000 r--s 00001000 08:05 1062867                    /usr/lib/jvm/java-8-openjdk-amd64/jre/lib/ext/dnsns.jar
7f75efc84000-7f75efc85000 r--s 0000a000 08:05 1062869                    /usr/lib/jvm/java-8-openjdk-amd64/jre/lib/ext/jaccess.jar
7f75efc85000-7f75efc8a000 r--s 0003d000 08:05 1062873                    /usr/lib/jvm/java-8-openjdk-amd64/jre/lib/ext/sunjce_provider.jar
7f75efc8a000-7f75efc94000 r--s 00116000 08:05 1062870                    /usr/lib/jvm/java-8-openjdk-amd64/jre/lib/ext/localedata.jar
7f75efc94000-7f75efd5f000 rw-p 00000000 00:00 0 
7f75efd5f000-7f75efd60000 ---p 00000000 00:00 0 
7f75efd60000-7f75efd63000 ---p 00000000 00:00 0 
7f75efd63000-7f75efe62000 rw-p 00000000 00:00 0 
7f75efe62000-7f75efe66000 r--s 0003a000 08:05 1062874                    /usr/lib/jvm/java-8-openjdk-amd64/jre/lib/ext/sunpkcs11.jar
7f75efe66000-7f75efe67000 r--s 00010000 08:05 1062876                    /usr/lib/jvm/java-8-openjdk-amd64/jre/lib/ext/zipfs.jar
7f75efe67000-7f75efe68000 r--s 0000d000 08:05 1062872                    /usr/lib/jvm/java-8-openjdk-amd64/jre/lib/ext/sunec.jar
7f75efe68000-7f75efe6b000 r--s 0000f000 08:05 1062868                    /usr/lib/jvm/java-8-openjdk-amd64/jre/lib/ext/icedtea-sound.jar
7f75efe6b000-7f75efe6d000 r--s 00007000 08:05 1456483                    /usr/share/java/java-atk-wrapper.jar
7f75efe6d000-7f75efe75000 rw-s 00000000 08:05 4482617                    /tmp/hsperfdata_ibm-nht-wave2/20975
7f75efe75000-7f75efe76000 rw-p 00000000 00:00 0 
7f75efe76000-7f75efe77000 ---p 00000000 00:00 0 
7f75efe77000-7f75efe79000 rw-p 00000000 00:00 0 
7f75efe79000-7f75efe7a000 r--p 00027000 08:05 4199115                    /lib/x86_64-linux-gnu/ld-2.27.so
7f75efe7a000-7f75efe7b000 rw-p 00028000 08:05 4199115                    /lib/x86_64-linux-gnu/ld-2.27.so
7f75efe7b000-7f75efe7c000 rw-p 00000000 00:00 0 
7ffc3f6aa000-7ffc3f6cc000 rw-p 00000000 00:00 0                          [stack]
7ffc3f7f5000-7ffc3f7f8000 r--p 00000000 00:00 0                          [vvar]
7ffc3f7f8000-7ffc3f7fa000 r-xp 00000000 00:00 0                          [vdso]
ffffffffff600000-ffffffffff601000 r-xp 00000000 00:00 0                  [vsyscall]

VM Arguments:
jvm_args: -Dcom.sun.management.jmxremote -Dcom.sun.management.jmxremote.port=45065 -Dcom.sun.management.jmxremote.authenticate=false -Dcom.sun.management.jmxremote.ssl=false -Djava.rmi.server.hostname=localhost -Dspring.jmx.enabled=true -Dspring.application.admin.enabled=true -Djava.security.egd=file:/dev/./urandom -Xverify:none -XX:TieredStopAtLevel=1 -Dspring.boot.project.name=Swagger_ex -Dfile.encoding=UTF-8 
java_command: com.ibm.SwaggerExApplication --spring.output.ansi.enabled=always
java_class_path (initial): /home/ibm-nht-wave2/Desktop/java spring/Swagger_ex/target/classes:/home/ibm-nht-wave2/.m2/repository/org/springframework/boot/spring-boot-starter-web/2.2.4.RELEASE/spring-boot-starter-web-2.2.4.RELEASE.jar:/home/ibm-nht-wave2/.m2/repository/org/springframework/boot/spring-boot-starter/2.2.4.RELEASE/spring-boot-starter-2.2.4.RELEASE.jar:/home/ibm-nht-wave2/.m2/repository/org/springframework/boot/spring-boot/2.2.4.RELEASE/spring-boot-2.2.4.RELEASE.jar:/home/ibm-nht-wave2/.m2/repository/org/springframework/boot/spring-boot-autoconfigure/2.2.4.RELEASE/spring-boot-autoconfigure-2.2.4.RELEASE.jar:/home/ibm-nht-wave2/.m2/repository/org/springframework/boot/spring-boot-starter-logging/2.2.4.RELEASE/spring-boot-starter-logging-2.2.4.RELEASE.jar:/home/ibm-nht-wave2/.m2/repository/ch/qos/logback/logback-classic/1.2.3/logback-classic-1.2.3.jar:/home/ibm-nht-wave2/.m2/repository/ch/qos/logback/logback-core/1.2.3/logback-core-1.2.3.jar:/home/ibm-nht-wave2/.m2/repository/org/apache/logging/log4j/log4j-to-slf4j/2.12.1/log4j-to-slf4j-2.12.1.jar:/home/ibm-nht-wave2/.m2/repository/org/apache/logging/log4j/log4j-api/2.12.1/log4j-api-2.12.1.jar:/home/ibm-nht-wave2/.m2/repository/org/slf4j/jul-to-slf4j/1.7.30/jul-to-slf4j-1.7.30.jar:/home/ibm-nht-wave2/.m2/repository/jakarta/annotation/jakarta.annotation-api/1.3.5/jakarta.annotation-api-1.3.5.jar:/home/ibm-nht-wave2/.m2/repository/org/yaml/snakeyaml/1.25/snakeyaml-1.25.jar:/home/ibm-nht-wave2/.m2/repository/org/springframework/boot/spring-boot-starter-json/2.2.4.RELEASE/spring-boot-starter-json-2.2.4.RELEASE.jar:/home/ibm-nht-wave2/.m2/repository/com/fasterxml/jackson/core/jackson-databind/2.10.2/jackson-databind-2.10.2.jar:/home/ibm-nht-wave2/.m2/repository/com/fasterxml/jackson/core/jackson-core/2.10.2/jackson-core-2.10.2.jar:/home/ibm-nht-wave2/.m2/repository/com/fasterxml/jackson/datatype/jackson-datatype-jdk8/2.10.2/jackson-datatype-jdk8-2.10.2.jar:/home/ibm-nht-wave2/.m2/repository/com/fasterxml/jackson
Launcher Type: SUN_STANDARD

Environment Variables:
PATH=/usr/local/sbin:/usr/local/bin:/usr/sbin:/usr/bin:/sbin:/bin:/usr/games:/usr/local/games:/snap/bin
USERNAME=ibm-nht-wave2
SHELL=/bin/bash
DISPLAY=:0

Signal Handlers:
SIGSEGV: [libjvm.so+0xabc3b0], sa_mask[0]=11111111011111111101111111111110, sa_flags=SA_RESTART|SA_SIGINFO
SIGBUS: [libjvm.so+0xabc3b0], sa_mask[0]=11111111011111111101111111111110, sa_flags=SA_RESTART|SA_SIGINFO
SIGFPE: [libjvm.so+0x8f0bb0], sa_mask[0]=11111111011111111101111111111110, sa_flags=SA_RESTART|SA_SIGINFO
SIGPIPE: [libjvm.so+0x8f0bb0], sa_mask[0]=11111111011111111101111111111110, sa_flags=SA_RESTART|SA_SIGINFO
SIGXFSZ: [libjvm.so+0x8f0bb0], sa_mask[0]=11111111011111111101111111111110, sa_flags=SA_RESTART|SA_SIGINFO
SIGILL: [libjvm.so+0x8f0bb0], sa_mask[0]=11111111011111111101111111111110, sa_flags=SA_RESTART|SA_SIGINFO
SIGUSR1: SIG_DFL, sa_mask[0]=00000000000000000000000000000000, sa_flags=none
SIGUSR2: [libjvm.so+0x8f0a60], sa_mask[0]=00100000000000000000000000000000, sa_flags=SA_RESTART|SA_SIGINFO
SIGHUP: [libjvm.so+0x8f10d0], sa_mask[0]=11111111011111111101111111111110, sa_flags=SA_RESTART|SA_SIGINFO
SIGINT: [libjvm.so+0x8f10d0], sa_mask[0]=11111111011111111101111111111110, sa_flags=SA_RESTART|SA_SIGINFO
SIGTERM: [libjvm.so+0x8f10d0], sa_mask[0]=11111111011111111101111111111110, sa_flags=SA_RESTART|SA_SIGINFO
SIGQUIT: [libjvm.so+0x8f10d0], sa_mask[0]=11111111011111111101111111111110, sa_flags=SA_RESTART|SA_SIGINFO


---------------  S Y S T E M  ---------------

OS:DISTRIB_ID=Ubuntu
DISTRIB_RELEASE=18.04
DISTRIB_CODENAME=bionic
DISTRIB_DESCRIPTION="Ubuntu 18.04.1 LTS"

uname:Linux 4.15.0-76-generic #86-Ubuntu SMP Fri Jan 17 17:24:28 UTC 2020 x86_64
libc:glibc 2.27 NPTL 2.27 
rlimit: STACK 8192k, CORE 0k, NPROC 30862, NOFILE 4096, AS infinity
load average:2.41 1.96 1.41

/proc/meminfo:
MemTotal:        8043928 kB
MemFree:          103508 kB
MemAvailable:      31764 kB
Buffers:            1048 kB
Cached:           927196 kB
SwapCached:        10324 kB
Active:          6514756 kB
Inactive:         932740 kB
Active(anon):    6497604 kB
Inactive(anon):   905528 kB
Active(file):      17152 kB
Inactive(file):    27212 kB
Unevictable:         112 kB
Mlocked:             112 kB
SwapTotal:       2097148 kB
SwapFree:              0 kB
Dirty:               204 kB
Writeback:             0 kB
AnonPages:       6509524 kB
Mapped:           294176 kB
Shmem:            884104 kB
Slab:             187448 kB
SReclaimable:      83544 kB
SUnreclaim:       103904 kB
KernelStack:       31104 kB
PageTables:       150424 kB
NFS_Unstable:          0 kB
Bounce:                0 kB
WritebackTmp:          0 kB
CommitLimit:     6119112 kB
Committed_AS:   25394176 kB
VmallocTotal:   34359738367 kB
VmallocUsed:           0 kB
VmallocChunk:          0 kB
HardwareCorrupted:     0 kB
AnonHugePages:         0 kB
ShmemHugePages:        0 kB
ShmemPmdMapped:        0 kB
CmaTotal:              0 kB
CmaFree:               0 kB
HugePages_Total:       0
HugePages_Free:        0
HugePages_Rsvd:        0
HugePages_Surp:        0
Hugepagesize:       2048 kB
DirectMap4k:     1662600 kB
DirectMap2M:     6602752 kB
DirectMap1G:           0 kB

container (cgroup) information:
container_type: cgroupv1
cpu_cpuset_cpus: 0-3
cpu_memory_nodes: 0
active_processor_count: 4
cpu_quota: -1
cpu_period: 100000
cpu_shares: -1
memory_limit_in_bytes: -1
memory_and_swap_limit_in_bytes: -2
memory_soft_limit_in_bytes: -1
memory_usage_in_bytes: 7626559488
memory_max_usage_in_bytes: 1243279360


CPU:total 4 (initial active 4) (2 cores per cpu, 2 threads per core) family 6 model 61 stepping 4, cmov, cx8, fxsr, mmx, sse, sse2, sse3, ssse3, sse4.1, sse4.2, popcnt, avx, avx2, aes, clmul, erms, rtm, 3dnowpref, lzcnt, ht, tsc, tscinvbit, bmi1, bmi2, adx

/proc/cpuinfo:
processor	: 0
vendor_id	: GenuineIntel
cpu family	: 6
model		: 61
model name	: Intel(R) Core(TM) i5-5300U CPU @ 2.30GHz
stepping	: 4
microcode	: 0x2e
cpu MHz		: 2730.155
cache size	: 3072 KB
physical id	: 0
siblings	: 4
core id		: 0
cpu cores	: 2
apicid		: 0
initial apicid	: 0
fpu		: yes
fpu_exception	: yes
cpuid level	: 20
wp		: yes
flags		: fpu vme de pse tsc msr pae mce cx8 apic sep mtrr pge mca cmov pat pse36 clflush dts acpi mmx fxsr sse sse2 ss ht tm pbe syscall nx pdpe1gb rdtscp lm constant_tsc arch_perfmon pebs bts rep_good nopl xtopology nonstop_tsc cpuid aperfmperf pni pclmulqdq dtes64 monitor ds_cpl vmx smx est tm2 ssse3 sdbg fma cx16 xtpr pdcm pcid sse4_1 sse4_2 x2apic movbe popcnt tsc_deadline_timer aes xsave avx f16c rdrand lahf_lm abm 3dnowprefetch cpuid_fault epb invpcid_single pti ssbd ibrs ibpb stibp tpr_shadow vnmi flexpriority ept vpid fsgsbase tsc_adjust bmi1 hle avx2 smep bmi2 erms invpcid rtm rdseed adx smap intel_pt xsaveopt dtherm ida arat pln pts md_clear flush_l1d
bugs		: cpu_meltdown spectre_v1 spectre_v2 spec_store_bypass l1tf mds swapgs taa itlb_multihit
bogomips	: 4589.47
clflush size	: 64
cache_alignment	: 64
address sizes	: 39 bits physical, 48 bits virtual
power management:

processor	: 1
vendor_id	: GenuineIntel
cpu family	: 6
model		: 61
model name	: Intel(R) Core(TM) i5-5300U CPU @ 2.30GHz
stepping	: 4
microcode	: 0x2e
cpu MHz		: 2713.514
cache size	: 3072 KB
physical id	: 0
siblings	: 4
core id		: 0
cpu cores	: 2
apicid		: 1
initial apicid	: 1
fpu		: yes
fpu_exception	: yes
cpuid level	: 20
wp		: yes
flags		: fpu vme de pse tsc msr pae mce cx8 apic sep mtrr pge mca cmov pat pse36 clflush dts acpi mmx fxsr sse sse2 ss ht tm pbe syscall nx pdpe1gb rdtscp lm constant_tsc arch_perfmon pebs bts rep_good nopl xtopology nonstop_tsc cpuid aperfmperf pni pclmulqdq dtes64 monitor ds_cpl vmx smx est tm2 ssse3 sdbg fma cx16 xtpr pdcm pcid sse4_1 sse4_2 x2apic movbe popcnt tsc_deadline_timer aes xsave avx f16c rdrand lahf_lm abm 3dnowprefetch cpuid_fault epb invpcid_single pti ssbd ibrs ibpb stibp tpr_shadow vnmi flexpriority ept vpid fsgsbase tsc_adjust bmi1 hle avx2 smep bmi2 erms invpcid rtm rdseed adx smap intel_pt xsaveopt dtherm ida arat pln pts md_clear flush_l1d
bugs		: cpu_meltdown spectre_v1 spectre_v2 spec_store_bypass l1tf mds swapgs taa itlb_multihit
bogomips	: 4589.47
clflush size	: 64
cache_alignment	: 64
address sizes	: 39 bits physical, 48 bits virtual
power management:

processor	: 2
vendor_id	: GenuineIntel
cpu family	: 6
model		: 61
model name	: Intel(R) Core(TM) i5-5300U CPU @ 2.30GHz
stepping	: 4
microcode	: 0x2e
cpu MHz		: 2693.831
cache size	: 3072 KB
physical id	: 0
siblings	: 4
core id		: 1
cpu cores	: 2
apicid		: 2
initial apicid	: 2
fpu		: yes
fpu_exception	: yes
cpuid level	: 20
wp		: yes
flags		: fpu vme de pse tsc msr pae mce cx8 apic sep mtrr pge mca cmov pat pse36 clflush dts acpi mmx fxsr sse sse2 ss ht tm pbe syscall nx pdpe1gb rdtscp lm constant_tsc arch_perfmon pebs bts rep_good nopl xtopology nonstop_tsc cpuid aperfmperf pni pclmulqdq dtes64 monitor ds_cpl vmx smx est tm2 ssse3 sdbg fma cx16 xtpr pdcm pcid sse4_1 sse4_2 x2apic movbe popcnt tsc_deadline_timer aes xsave avx f16c rdrand lahf_lm abm 3dnowprefetch cpuid_fault epb invpcid_single pti ssbd ibrs ibpb stibp tpr_shadow vnmi flexpriority ept vpid fsgsbase tsc_adjust bmi1 hle avx2 smep bmi2 erms invpcid rtm rdseed adx smap intel_pt xsaveopt dtherm ida arat pln pts md_clear flush_l1d
bugs		: cpu_meltdown spectre_v1 spectre_v2 spec_store_bypass l1tf mds swapgs taa itlb_multihit
bogomips	: 4589.47
clflush size	: 64
cache_alignment	: 64
address sizes	: 39 bits physical, 48 bits virtual
power management:

processor	: 3
vendor_id	: GenuineIntel
cpu family	: 6
model		: 61
model name	: Intel(R) Core(TM) i5-5300U CPU @ 2.30GHz
stepping	: 4
microcode	: 0x2e
cpu MHz		: 2693.824
cache size	: 3072 KB
physical id	: 0
siblings	: 4
core id		: 1
cpu cores	: 2
apicid		: 3
initial apicid	: 3
fpu		: yes
fpu_exception	: yes
cpuid level	: 20
wp		: yes
flags		: fpu vme de pse tsc msr pae mce cx8 apic sep mtrr pge mca cmov pat pse36 clflush dts acpi mmx fxsr sse sse2 ss ht tm pbe syscall nx pdpe1gb rdtscp lm constant_tsc arch_perfmon pebs bts rep_good nopl xtopology nonstop_tsc cpuid aperfmperf pni pclmulqdq dtes64 monitor ds_cpl vmx smx est tm2 ssse3 sdbg fma cx16 xtpr pdcm pcid sse4_1 sse4_2 x2apic movbe popcnt tsc_deadline_timer aes xsave avx f16c rdrand lahf_lm abm 3dnowprefetch cpuid_fault epb invpcid_single pti ssbd ibrs ibpb stibp tpr_shadow vnmi flexpriority ept vpid fsgsbase tsc_adjust bmi1 hle avx2 smep bmi2 erms invpcid rtm rdseed adx smap intel_pt xsaveopt dtherm ida arat pln pts md_clear flush_l1d
bugs		: cpu_meltdown spectre_v1 spectre_v2 spec_store_bypass l1tf mds swapgs taa itlb_multihit
bogomips	: 4589.47
clflush size	: 64
cache_alignment	: 64
address sizes	: 39 bits physical, 48 bits virtual
power management:



Memory: 4k page, physical 8043928k(106020k free), swap 2097148k(0k free)

vm_info: OpenJDK 64-Bit Server VM (25.242-b08) for linux-amd64 JRE (1.8.0_242-8u242-b08-0ubuntu3~18.04-b08), built on Jan 17 2020 23:41:21 by "buildd" with gcc 7.4.0

time: Wed Feb 19 15:32:37 2020
timezone: IST
elapsed time: 4 seconds (0d 0h 0m 4s)

